<?xml version="1.0" encoding="UTF-8"?>
<testsuite name="domain.CarTest" tests="1" skipped="0" failures="0" errors="0" timestamp="2023-10-10T16:25:29" hostname="DESKTOP-B2HMDHI" time="0.047">
  <properties/>
  <testcase name="랜덤 값이 4미만일 경우 전진" classname="domain.CarTest" time="0.047"/>
  <system-out><![CDATA[]]></system-out>
  <system-err><![CDATA[]]></system-err>
</testsuite>
