<?xml version="1.0" encoding="UTF-8"?>
<testsuite name="domain.CarsTest" tests="3" skipped="0" failures="0" errors="0" timestamp="2023-10-09T17:13:09" hostname="DESKTOP-B2HMDHI" time="0.059">
  <properties/>
  <testcase name="자동차 이름은 5자를 초과할 수 없음" classname="domain.CarsTest" time="0.056"/>
  <testcase name="자동차 이름 부여" classname="domain.CarsTest" time="0.002"/>
  <testcase name="자동차 이름 5자 이하는 사용 가능" classname="domain.CarsTest" time="0.001"/>
  <system-out><![CDATA[]]></system-out>
  <system-err><![CDATA[]]></system-err>
</testsuite>
