<?xml version="1.0" encoding="UTF-8"?>
<testsuite name="service.CarRaceGameTest" tests="2" skipped="0" failures="0" errors="0" timestamp="2023-10-12T08:33:46" hostname="DESKTOP-B2HMDHI" time="0.051">
  <properties/>
  <testcase name="자동차 이름 쉼표로 구분" classname="service.CarRaceGameTest" time="0.05"/>
  <testcase name="자동차 이름 쉼표로 구분" classname="service.CarRaceGameTest" time="0.001"/>
  <system-out><![CDATA[]]></system-out>
  <system-err><![CDATA[]]></system-err>
</testsuite>
